time="2020-11-10T11:38:12-05:00" level=debug msg="OpenShift Installer 4.6.1"
time="2020-11-10T11:38:12-05:00" level=debug msg="Built from commit ebdbda57fc18d3b73e69f0f2cc499ddfca7e6593"
time="2020-11-10T11:38:12-05:00" level=debug msg="Fetching Install Config..."
time="2020-11-10T11:38:12-05:00" level=debug msg="Loading Install Config..."
time="2020-11-10T11:38:12-05:00" level=debug msg="  Loading SSH Key..."
time="2020-11-10T11:38:12-05:00" level=debug msg="  Loading Base Domain..."
time="2020-11-10T11:38:12-05:00" level=debug msg="    Loading Platform..."
time="2020-11-10T11:38:12-05:00" level=debug msg="  Loading Cluster Name..."
time="2020-11-10T11:38:12-05:00" level=debug msg="    Loading Base Domain..."
time="2020-11-10T11:38:12-05:00" level=debug msg="    Loading Platform..."
time="2020-11-10T11:38:12-05:00" level=debug msg="  Loading Pull Secret..."
time="2020-11-10T11:38:12-05:00" level=debug msg="  Loading Platform..."
time="2020-11-10T11:38:12-05:00" level=debug msg="  Fetching SSH Key..."
time="2020-11-10T11:38:12-05:00" level=debug msg="  Generating SSH Key..."
time="2020-11-10T11:38:17-05:00" level=debug msg="  Fetching Base Domain..."
time="2020-11-10T11:38:17-05:00" level=debug msg="    Fetching Platform..."
time="2020-11-10T11:38:17-05:00" level=debug msg="    Generating Platform..."
time="2020-11-10T11:38:20-05:00" level=info msg="Credentials loaded from the \"default\" profile in file \"/Users/irvs/.aws/credentials\""
time="2020-11-10T11:38:24-05:00" level=debug msg="  Generating Base Domain..."
time="2020-11-10T11:38:24-05:00" level=debug msg="listing AWS hosted zones"
time="2020-11-10T11:52:56-05:00" level=fatal msg="failed to fetch Install Config: failed to fetch dependency of \"Install Config\": failed to generate asset \"Base Domain\": failed UserInput for base domain: interrupt"
time="2020-11-10T11:53:00-05:00" level=debug msg="OpenShift Installer 4.6.1"
time="2020-11-10T11:53:00-05:00" level=debug msg="Built from commit ebdbda57fc18d3b73e69f0f2cc499ddfca7e6593"
time="2020-11-10T11:53:00-05:00" level=debug msg="Fetching Install Config..."
time="2020-11-10T11:53:00-05:00" level=debug msg="Loading Install Config..."
time="2020-11-10T11:53:00-05:00" level=debug msg="  Loading SSH Key..."
time="2020-11-10T11:53:00-05:00" level=debug msg="  Loading Base Domain..."
time="2020-11-10T11:53:00-05:00" level=debug msg="    Loading Platform..."
time="2020-11-10T11:53:00-05:00" level=debug msg="  Loading Cluster Name..."
time="2020-11-10T11:53:00-05:00" level=debug msg="    Loading Base Domain..."
time="2020-11-10T11:53:00-05:00" level=debug msg="    Loading Platform..."
time="2020-11-10T11:53:00-05:00" level=debug msg="  Loading Pull Secret..."
time="2020-11-10T11:53:00-05:00" level=debug msg="  Loading Platform..."
time="2020-11-10T11:53:00-05:00" level=debug msg="  Fetching SSH Key..."
time="2020-11-10T11:53:00-05:00" level=debug msg="  Generating SSH Key..."
time="2020-11-10T11:53:02-05:00" level=debug msg="  Fetching Base Domain..."
time="2020-11-10T11:53:02-05:00" level=debug msg="    Fetching Platform..."
time="2020-11-10T11:53:02-05:00" level=debug msg="    Generating Platform..."
time="2020-11-10T11:53:04-05:00" level=info msg="Credentials loaded from the \"default\" profile in file \"/Users/irvs/.aws/credentials\""
time="2020-11-10T11:53:08-05:00" level=debug msg="  Generating Base Domain..."
time="2020-11-10T11:53:08-05:00" level=debug msg="listing AWS hosted zones"
time="2020-11-10T11:53:09-05:00" level=debug msg="  Fetching Cluster Name..."
time="2020-11-10T11:53:09-05:00" level=debug msg="    Fetching Base Domain..."
time="2020-11-10T11:53:09-05:00" level=debug msg="    Reusing previously-fetched Base Domain"
time="2020-11-10T11:53:09-05:00" level=debug msg="    Fetching Platform..."
time="2020-11-10T11:53:09-05:00" level=debug msg="    Reusing previously-fetched Platform"
time="2020-11-10T11:53:09-05:00" level=debug msg="  Generating Cluster Name..."
time="2020-11-10T11:53:18-05:00" level=debug msg="  Fetching Pull Secret..."
time="2020-11-10T11:53:18-05:00" level=debug msg="  Generating Pull Secret..."
time="2020-11-10T11:55:19-05:00" level=debug msg="  Fetching Platform..."
time="2020-11-10T11:55:19-05:00" level=debug msg="  Reusing previously-fetched Platform"
time="2020-11-10T11:55:19-05:00" level=debug msg="Generating Install Config..."
time="2020-11-10T11:55:19-05:00" level=info msg="Install-Config created in: /Users/irvs/oc/DEVOPS-AWS-EC2-Deploy"
